<?xml version="1.0" encoding="UTF-8"?>
<!-- Generated by org.testng.reporters.JUnitXMLReporter -->
<testsuite ignored="0" hostname="Vaidas" failures="0" tests="4" name="Tests" time="12.403" errors="0" timestamp="2022-04-18T15:13:51 EEST">
  <testcase classname="tests.LoginTests" name="WrongDetails" time="4.168"/>
  <testcase classname="tests.LoginTests" name="WrongEmail" time="0.969"/>
  <testcase classname="tests.LoginTests" name="WrongPassword" time="0.951"/>
  <testcase classname="tests.LoginTests" name="SuccessfulLogin" time="3.52"/>
</testsuite> <!-- Tests -->
